[1201/022718.134:INFO:CONSOLE(113)] "Event handler of 'x-storagemutated-1' event must be added on the initial evaluation of worker script.", source: https://static.whatsapp.net/rsrc.php/v4/yb/r/7UMihSi5Vy_.js (113)
[1201/022721.173:INFO:CONSOLE(0)] "Error with Permissions-Policy header: Feature xr-spatial-tracking's parameters are ignored.", source:  (0)
[1201/022721.173:INFO:CONSOLE(0)] "Error with Permissions-Policy header: Origin trial controlled feature not enabled: 'attribution-reporting'.", source:  (0)
[1201/022721.174:INFO:CONSOLE(0)] "Error with Permissions-Policy header: Unrecognized feature: 'compute-pressure'.", source:  (0)
[1201/022721.212:INFO:CONSOLE(0)] "Error with Permissions-Policy header: Origin trial controlled feature not enabled: 'interest-cohort'.", source:  (0)
[1201/022721.212:INFO:CONSOLE(0)] "Error with Permissions-Policy header: Unrecognized feature: 'private-state-token-issuance'.", source:  (0)
[1201/022721.212:INFO:CONSOLE(0)] "Error with Permissions-Policy header: Origin trial controlled feature not enabled: 'shared-storage'.", source:  (0)
[1201/022721.212:INFO:CONSOLE(0)] "Error with Permissions-Policy header: Unrecognized feature: 'shared-storage-select-url'.", source:  (0)
[1201/022721.212:INFO:CONSOLE(0)] "Error with Permissions-Policy header: Unrecognized feature: 'private-state-token-redemption'.", source:  (0)
[1201/022721.212:INFO:CONSOLE(0)] "Error with Permissions-Policy header: Unrecognized feature: 'unload'.", source:  (0)
[1201/022721.212:INFO:CONSOLE(0)] "Error with Permissions-Policy header: Unrecognized feature: 'window-management'.", source:  (0)
[1201/022721.213:INFO:CONSOLE(0)] "Document-Policy HTTP header: Unrecognized document policy feature name include-js-call-stacks-in-crash-reports.", source: https://web.whatsapp.com/ (0)
[1201/022726.266:INFO:CONSOLE(113)] "Event handler of 'x-storagemutated-1' event must be added on the initial evaluation of worker script.", source: https://static.whatsapp.net/rsrc.php/v4/yJ/r/mYzEJhJVwmn.js (113)
[1201/022742.340:INFO:CONSOLE(77)] "ErrorUtils caught an error:

handshake-error

Subsequent non-fatal errors won't be logged; see https://fburl.com/debugjs. [object Object]", source: https://static.whatsapp.net/rsrc.php/v4/yu/r/4wLJsIo9jix.js (77)
[1201/022810.508:INFO:CONSOLE(0)] "Error with Permissions-Policy header: Feature xr-spatial-tracking's parameters are ignored.", source:  (0)
[1201/022810.509:INFO:CONSOLE(0)] "Error with Permissions-Policy header: Origin trial controlled feature not enabled: 'attribution-reporting'.", source:  (0)
[1201/022810.509:INFO:CONSOLE(0)] "Error with Permissions-Policy header: Unrecognized feature: 'compute-pressure'.", source:  (0)
[1201/022810.509:INFO:CONSOLE(0)] "Error with Permissions-Policy header: Origin trial controlled feature not enabled: 'interest-cohort'.", source:  (0)
[1201/022810.509:INFO:CONSOLE(0)] "Error with Permissions-Policy header: Unrecognized feature: 'private-state-token-issuance'.", source:  (0)
[1201/022810.510:INFO:CONSOLE(0)] "Error with Permissions-Policy header: Origin trial controlled feature not enabled: 'shared-storage'.", source:  (0)
[1201/022810.510:INFO:CONSOLE(0)] "Error with Permissions-Policy header: Unrecognized feature: 'shared-storage-select-url'.", source:  (0)
[1201/022810.510:INFO:CONSOLE(0)] "Error with Permissions-Policy header: Unrecognized feature: 'private-state-token-redemption'.", source:  (0)
[1201/022810.510:INFO:CONSOLE(0)] "Error with Permissions-Policy header: Unrecognized feature: 'unload'.", source:  (0)
[1201/022810.510:INFO:CONSOLE(0)] "Error with Permissions-Policy header: Unrecognized feature: 'window-management'.", source:  (0)
[1201/022810.511:INFO:CONSOLE(0)] "Document-Policy HTTP header: Unrecognized document policy feature name include-js-call-stacks-in-crash-reports.", source: https://web.whatsapp.com/ (0)
[1201/022812.818:ERROR:entry_impl.cc(1072)] No file for 800000cf
[1201/022812.865:ERROR:entry_impl.cc(1072)] No file for 800000d0
[1201/022812.868:ERROR:entry_impl.cc(1072)] No file for 800000d2
[1201/022812.869:ERROR:entry_impl.cc(1072)] No file for 800000d3
[1201/022812.875:ERROR:entry_impl.cc(1072)] No file for 800000d4
[1201/022812.875:ERROR:entry_impl.cc(1072)] No file for 800000d1
[1201/022812.876:ERROR:entry_impl.cc(1072)] No file for 800000d6
[1201/022813.341:ERROR:entry_impl.cc(1072)] No file for 80000013
[1201/022813.347:ERROR:entry_impl.cc(1072)] No file for 80000014
[1201/022814.082:INFO:CONSOLE(77)] "ErrorUtils caught an error:

[sw] sw-update-failed: AbortError: Failed to update a ServiceWorker for scope ('https://web.whatsapp.com/') with script ('https://web.whatsapp.com/sw.js'): Failed to access storage.

Subsequent non-fatal errors won't be logged; see https://fburl.com/debugjs. [object Object]", source: https://static.whatsapp.net/rsrc.php/v4/yu/r/4wLJsIo9jix.js (77)
[1201/022814.509:ERROR:entry_impl.cc(1072)] No file for 80000016
[1201/022814.517:INFO:CONSOLE(1)] "Uncaught NetworkError: Failed to execute 'importScripts' on 'WorkerGlobalScope': The script at 'https://static.whatsapp.net/rsrc.php/v4/yF/r/End8m6Ela2w.js' failed to load.", source: https://web.whatsapp.com/static_resources/webworker_v1/init_script/?__hs=20422.HCSV2%3Awhatsapp_comet_pkg.2.1...0&__spin_r=1030440181&__spin_b=trunk&__spin_t=1764530890 (1)
